# JRE version: Java(TM) SE Runtime Environment (7.0_75-b13) (build 1.7.0_75-b13)
# Java VM: Java HotSpot(TM) Client VM (24.75-b04 mixed mode windows-x86 )
Heap
 def new generation   total 4928K, used 2858K [0x04800000, 0x04d50000, 0x09d50000)
  eden space 4416K,  56% used [0x04800000, 0x04a73a40, 0x04c50000)
  from space 512K,  67% used [0x04c50000, 0x04ca6f40, 0x04cd0000)
  to   space 512K,   0% used [0x04cd0000, 0x04cd0000, 0x04d50000)
 tenured generation   total 10944K, used 10445K [0x09d50000, 0x0a800000, 0x14800000)
   the space 10944K,  95% used [0x09d50000, 0x0a783448, 0x0a783600, 0x0a800000)
 compacting perm gen  total 12288K, used 1780K [0x14800000, 0x15400000, 0x18800000)
   the space 12288K,  14% used [0x14800000, 0x149bd368, 0x149bd400, 0x15400000)
GC Heap History (10 events):
Event: 271.642 GC heap before
{Heap before GC invocations=485 (full 0):
 def new generation   total 4928K, used 4679K [0x04800000, 0x04d50000, 0x09d50000)
  eden space 4416K, 100% used [0x04800000, 0x04c50000, 0x04c50000)
  from space 512K,  51% used [0x04cd0000, 0x04d11d08, 0x04d50000)
  to   space 512K,   0% used [0x04c50000, 0x04c50000, 0x04cd0000)
 tenured generation   total 10944K, used 8422K [0x09d50000, 0x0a800000, 0x14800000)
   the space 10944K,  76% used [0x09d50000, 0x0a5899c0, 0x0a589a00, 0x0a800000)
 compacting perm gen  total 12288K, used 1763K [0x14800000, 0x15400000, 0x18800000)
   the space 12288K,  14% used [0x14800000, 0x149b8f98, 0x149b9000, 0x15400000)
No shared spaces configured.
Event: 271.646 GC heap after
Heap after GC invocations=486 (full 0):
 def new generation   total 4928K, used 511K [0x04800000, 0x04d50000, 0x09d50000)
  eden space 4416K,   0% used [0x04800000, 0x04800000, 0x04c50000)
  from space 512K,  99% used [0x04c50000, 0x04ccfff0, 0x04cd0000)
  to   space 512K,   0% used [0x04cd0000, 0x04cd0000, 0x04d50000)
 tenured generation   total 10944K, used 8616K [0x09d50000, 0x0a800000, 0x14800000)
   the space 10944K,  78% used [0x09d50000, 0x0a5ba2d8, 0x0a5ba400, 0x0a800000)
 compacting perm gen  total 12288K, used 1763K [0x14800000, 0x15400000, 0x18800000)
   the space 12288K,  14% used [0x14800000, 0x149b8f98, 0x149b9000, 0x15400000)
No shared spaces configured.
}
Event: 285.442 GC heap before
{Heap before GC invocations=486 (full 0):
 def new generation   total 4928K, used 4927K [0x04800000, 0x04d50000, 0x09d50000)
  eden space 4416K, 100% used [0x04800000, 0x04c50000, 0x04c50000)
  from space 512K,  99% used [0x04c50000, 0x04ccfff0, 0x04cd0000)
  to   space 512K,   0% used [0x04cd0000, 0x04cd0000, 0x04d50000)
 tenured generation   total 10944K, used 8616K [0x09d50000, 0x0a800000, 0x14800000)
   the space 10944K,  78% used [0x09d50000, 0x0a5ba2d8, 0x0a5ba400, 0x0a800000)
 compacting perm gen  total 12288K, used 1763K [0x14800000, 0x15400000, 0x18800000)
   the space 12288K,  14% used [0x14800000, 0x149b8f98, 0x149b9000, 0x15400000)
No shared spaces configured.
Event: 285.446 GC heap after
Heap after GC invocations=487 (full 0):
 def new generation   total 4928K, used 194K [0x04800000, 0x04d50000, 0x09d50000)
  eden space 4416K,   0% used [0x04800000, 0x04800000, 0x04c50000)
  from space 512K,  38% used [0x04cd0000, 0x04d00a58, 0x04d50000)
  to   space 512K,   0% used [0x04c50000, 0x04c50000, 0x04cd0000)
 tenured generation   total 10944K, used 9128K [0x09d50000, 0x0a800000, 0x14800000)
   the space 10944K,  83% used [0x09d50000, 0x0a63a1b8, 0x0a63a200, 0x0a800000)
 compacting perm gen  total 12288K, used 1763K [0x14800000, 0x15400000, 0x18800000)
   the space 12288K,  14% used [0x14800000, 0x149b8f98, 0x149b9000, 0x15400000)
No shared spaces configured.
}
Event: 295.701 GC heap before
{Heap before GC invocations=487 (full 0):
 def new generation   total 4928K, used 4610K [0x04800000, 0x04d50000, 0x09d50000)
  eden space 4416K, 100% used [0x04800000, 0x04c50000, 0x04c50000)
  from space 512K,  38% used [0x04cd0000, 0x04d00a58, 0x04d50000)
  to   space 512K,   0% used [0x04c50000, 0x04c50000, 0x04cd0000)
 tenured generation   total 10944K, used 9128K [0x09d50000, 0x0a800000, 0x14800000)
   the space 10944K,  83% used [0x09d50000, 0x0a63a1b8, 0x0a63a200, 0x0a800000)
 compacting perm gen  total 12288K, used 1763K [0x14800000, 0x15400000, 0x18800000)
   the space 12288K,  14% used [0x14800000, 0x149b8f98, 0x149b9000, 0x15400000)
No shared spaces configured.
Event: 295.703 GC heap after
Heap after GC invocations=488 (full 0):
 def new generation   total 4928K, used 379K [0x04800000, 0x04d50000, 0x09d50000)
  eden space 4416K,   0% used [0x04800000, 0x04800000, 0x04c50000)
  from space 512K,  74% used [0x04c50000, 0x04caec00, 0x04cd0000)
  to   space 512K,   0% used [0x04cd0000, 0x04cd0000, 0x04d50000)
 tenured generation   total 10944K, used 9128K [0x09d50000, 0x0a800000, 0x14800000)
   the space 10944K,  83% used [0x09d50000, 0x0a63a1b8, 0x0a63a200, 0x0a800000)
 compacting perm gen  total 12288K, used 1763K [0x14800000, 0x15400000, 0x18800000)
   the space 12288K,  14% used [0x14800000, 0x149b8f98, 0x149b9000, 0x15400000)
No shared spaces configured.
}
Event: 308.652 GC heap before
{Heap before GC invocations=488 (full 0):
 def new generation   total 4928K, used 4795K [0x04800000, 0x04d50000, 0x09d50000)
  eden space 4416K, 100% used [0x04800000, 0x04c50000, 0x04c50000)
  from space 512K,  74% used [0x04c50000, 0x04caec00, 0x04cd0000)
  to   space 512K,   0% used [0x04cd0000, 0x04cd0000, 0x04d50000)
 tenured generation   total 10944K, used 9128K [0x09d50000, 0x0a800000, 0x14800000)
   the space 10944K,  83% used [0x09d50000, 0x0a63a1b8, 0x0a63a200, 0x0a800000)
 compacting perm gen  total 12288K, used 1763K [0x14800000, 0x15400000, 0x18800000)
   the space 12288K,  14% used [0x14800000, 0x149b8f98, 0x149b9000, 0x15400000)
No shared spaces configured.
Event: 308.657 GC heap after
Heap after GC invocations=489 (full 0):
 def new generation   total 4928K, used 336K [0x04800000, 0x04d50000, 0x09d50000)
  eden space 4416K,   0% used [0x04800000, 0x04800000, 0x04c50000)
  from space 512K,  65% used [0x04cd0000, 0x04d24158, 0x04d50000)
  to   space 512K,   0% used [0x04c50000, 0x04c50000, 0x04cd0000)
 tenured generation   total 10944K, used 10260K [0x09d50000, 0x0a800000, 0x14800000)
   the space 10944K,  93% used [0x09d50000, 0x0a7551b8, 0x0a755200, 0x0a800000)
 compacting perm gen  total 12288K, used 1763K [0x14800000, 0x15400000, 0x18800000)
   the space 12288K,  14% used [0x14800000, 0x149b8f98, 0x149b9000, 0x15400000)
No shared spaces configured.
}
Event: 325.327 GC heap before
{Heap before GC invocations=489 (full 0):
 def new generation   total 4928K, used 4752K [0x04800000, 0x04d50000, 0x09d50000)
  eden space 4416K, 100% used [0x04800000, 0x04c50000, 0x04c50000)
  from space 512K,  65% used [0x04cd0000, 0x04d24158, 0x04d50000)
  to   space 512K,   0% used [0x04c50000, 0x04c50000, 0x04cd0000)
 tenured generation   total 10944K, used 10260K [0x09d50000, 0x0a800000, 0x14800000)
   the space 10944K,  93% used [0x09d50000, 0x0a7551b8, 0x0a755200, 0x0a800000)
 compacting perm gen  total 12288K, used 1763K [0x14800000, 0x15400000, 0x18800000)
   the space 12288K,  14% used [0x14800000, 0x149b8f98, 0x149b9000, 0x15400000)
No shared spaces configured.
Event: 325.329 GC heap after
Heap after GC invocations=490 (full 0):
 def new generation   total 4928K, used 347K [0x04800000, 0x04d50000, 0x09d50000)
  eden space 4416K,   0% used [0x04800000, 0x04800000, 0x04c50000)
  from space 512K,  67% used [0x04c50000, 0x04ca6f40, 0x04cd0000)
  to   space 512K,   0% used [0x04cd0000, 0x04cd0000, 0x04d50000)
 tenured generation   total 10944K, used 10445K [0x09d50000, 0x0a800000, 0x14800000)
   the space 10944K,  95% used [0x09d50000, 0x0a783448, 0x0a783600, 0x0a800000)
 compacting perm gen  total 12288K, used 1763K [0x14800000, 0x15400000, 0x18800000)
   the space 12288K,  14% used [0x14800000, 0x149b8f98, 0x149b9000, 0x15400000)
No shared spaces configured.
}

